<?xml version='1.0' encoding='UTF-8'?>
<testsuite hostname="e2r9p2.42.fr" name="forcomp.AnagramsSuite" tests="11" errors="0" failures="0" skipped="8" time="0.04">
                     <properties>
[...]
</properties>
                     <testcase classname="forcomp.AnagramsSuite" name="wordOccurrences: abcd" time="0.047">
                                                 
                                               </testcase><testcase classname="forcomp.AnagramsSuite" name="wordOccurrences: Robert" time="0.001">
                                                 
                                               </testcase><testcase classname="forcomp.AnagramsSuite" name="sentenceOccurrences: abcd e" time="0.0">
                                                 
                                               </testcase><testcase classname="forcomp.AnagramsSuite" name="get: eat" time="-0.001">
                                                 <skipped/>
                                               </testcase><testcase classname="forcomp.AnagramsSuite" name="word anagrams: married" time="-0.001">
                                                 <skipped/>
                                               </testcase><testcase classname="forcomp.AnagramsSuite" name="word anagrams: player" time="-0.001">
                                                 <skipped/>
                                               </testcase><testcase classname="forcomp.AnagramsSuite" name="subtract: lard - r" time="-0.001">
                                                 <skipped/>
                                               </testcase><testcase classname="forcomp.AnagramsSuite" name="combinations: []" time="-0.001">
                                                 <skipped/>
                                               </testcase><testcase classname="forcomp.AnagramsSuite" name="combinations: abba" time="-0.001">
                                                 <skipped/>
                                               </testcase><testcase classname="forcomp.AnagramsSuite" name="sentence anagrams: []" time="-0.001">
                                                 <skipped/>
                                               </testcase><testcase classname="forcomp.AnagramsSuite" name="sentence anagrams: Linux rulez" time="-0.001">
                                                 <skipped/>
                                               </testcase>
                     <system-out></system-out>
                     <system-err></system-err>
                   </testsuite>